<?xml version="1.0" encoding="UTF-8"?>
<!-- Generated by org.testng.reporters.JUnitReportReporter -->
<testsuite hostname="alkas-Laptop.local" failures="0" tests="4" name="tPack.ClassOne" time="5.840" errors="0" timestamp="2024-04-19T10:06:26 CEST" skipped="0">
  <testcase classname="tPack.ClassOne" name="testOneD" time="0.002"/>
  <system-out/>
  <testcase classname="tPack.ClassOne" name="testOneA" time="5.834"/>
  <system-out/>
  <testcase classname="tPack.ClassOne" name="testOneB" time="0.002"/>
  <system-out/>
  <testcase classname="tPack.ClassOne" name="testOneC" time="0.002"/>
  <system-out/>
</testsuite> <!-- tPack.ClassOne -->
