<?xml version="1.0" encoding="UTF-8"?>
<!-- Generated by org.testng.reporters.JUnitReportReporter -->
<testsuite hostname="LAPTOP-4PCOUT3C" failures="0" tests="4" name="tPack.ClassOne" time="6.505" errors="0" timestamp="2023-03-23T19:35:10 CET" skipped="0">
  <testcase classname="tPack.ClassOne" name="testOneC" time="0.000"/>
  <system-out/>
  <testcase classname="tPack.ClassOne" name="testOneB" time="0.000"/>
  <system-out/>
  <testcase classname="tPack.ClassOne" name="testOneD" time="0.001"/>
  <system-out/>
  <testcase classname="tPack.ClassOne" name="testOneA" time="6.504"/>
  <system-out/>
</testsuite> <!-- tPack.ClassOne -->
